  나머지 구하기.cpp
  배열 뒤집기.cpp
  배열의 평균값.cpp
  짝수는 싫어요.cpp
  피자 나눠 먹기 (3).cpp
  코드를 생성하고 있습니다...
두 수의 곱.obj : error LNK2005: "int __cdecl solution(int,int)" (?solution@@YAHHH@Z)이(가) 나머지 구하기.obj에 이미 정의되어 있습니다.
두 수의 나눗셈.obj : error LNK2005: "int __cdecl solution(int,int)" (?solution@@YAHHH@Z)이(가) 나머지 구하기.obj에 이미 정의되어 있습니다.
두 수의 차.obj : error LNK2005: "int __cdecl solution(int,int)" (?solution@@YAHHH@Z)이(가) 나머지 구하기.obj에 이미 정의되어 있습니다.
두 수의 합.obj : error LNK2005: "int __cdecl solution(int,int)" (?solution@@YAHHH@Z)이(가) 나머지 구하기.obj에 이미 정의되어 있습니다.
몫 구하기.obj : error LNK2005: "int __cdecl solution(int,int)" (?solution@@YAHHH@Z)이(가) 나머지 구하기.obj에 이미 정의되어 있습니다.
배열 뒤집기.obj : error LNK2005: "class std::vector<int,class std::allocator<int> > __cdecl solution(class std::vector<int,class std::allocator<int> >)" (?solution@@YA?AV?$vector@HV?$allocator@H@std@@@std@@V12@@Z)이(가) 배열 두 배 만들기.obj에 이미 정의되어 있습니다.
숫자 비교하기.obj : error LNK2005: "int __cdecl solution(int,int)" (?solution@@YAHHH@Z)이(가) 나머지 구하기.obj에 이미 정의되어 있습니다.
옷가게 할인 받기.obj : error LNK2005: "int __cdecl solution(int)" (?solution@@YAHH@Z)이(가) 나이출력.obj에 이미 정의되어 있습니다.
직각삼각형 출력하기.obj : error LNK2005: main이(가) 문자열 뒤집기.obj에 이미 정의되어 있습니다.
짝수 홀수 개수.obj : error LNK2005: "class std::vector<int,class std::allocator<int> > __cdecl solution(class std::vector<int,class std::allocator<int> >)" (?solution@@YA?AV?$vector@HV?$allocator@H@std@@@std@@V12@@Z)이(가) 배열 두 배 만들기.obj에 이미 정의되어 있습니다.
짝수는 싫어요.obj : error LNK2005: "class std::vector<int,class std::allocator<int> > __cdecl solution(int)" (?solution@@YA?AV?$vector@HV?$allocator@H@std@@@std@@H@Z)이(가) 아이스 아메리카노.obj에 이미 정의되어 있습니다.
최빈값 구하기.obj : error LNK2005: "int __cdecl solution(class std::vector<int,class std::allocator<int> >)" (?solution@@YAHV?$vector@HV?$allocator@H@std@@@std@@@Z)이(가) 중앙값 구하기.obj에 이미 정의되어 있습니다.
피자 나눠 먹기 (1).obj : error LNK2005: "int __cdecl solution(int)" (?solution@@YAHH@Z)이(가) 나이출력.obj에 이미 정의되어 있습니다.
피자 나눠 먹기 (2).obj : error LNK2005: "int __cdecl solution(int)" (?solution@@YAHH@Z)이(가) 나이출력.obj에 이미 정의되어 있습니다.
피자 나눠 먹기 (3).obj : error LNK2005: "int __cdecl solution(int,int)" (?solution@@YAHHH@Z)이(가) 나머지 구하기.obj에 이미 정의되어 있습니다.
D:\study\AlgorithmStudy\x64\Debug\Algorithm.exe : fatal error LNK1169: 여러 번 정의된 기호가 있습니다.
